This is pdfTeX, Version 3.14159265-2.6-1.40.17 (TeX Live 2016) (preloaded format=pdflatex 2016.10.8)  21 JAN 2017 15:51
entering extended mode
 restricted \write18 enabled.
 %&-line parsing enabled.
**JOS_ARMÊä•Âëä.tex
(./JOS_ARMÊä•Âëä.tex
LaTeX2e <2016/03/31>
Babel <3.9r> and hyphenation patterns for 83 language(s) loaded.
(/usr/local/texlive/2016/texmf-dist/tex/latex/base/article.cls
Document Class: article 2014/09/29 v1.4h Standard LaTeX document class
(/usr/local/texlive/2016/texmf-dist/tex/latex/base/size11.clo
File: size11.clo 2014/09/29 v1.4h Standard LaTeX file (size option)
)
\c@part=\count79
\c@section=\count80
\c@subsection=\count81
\c@subsubsection=\count82
\c@paragraph=\count83
\c@subparagraph=\count84
\c@figure=\count85
\c@table=\count86
\abovecaptionskip=\skip41
\belowcaptionskip=\skip42
\bibindent=\dimen102
)
(/usr/local/texlive/2016/texmf-dist/tex/latex/xcolor/xcolor.sty
Package: xcolor 2016/05/11 v2.12 LaTeX color extensions (UK)

(/usr/local/texlive/2016/texmf-dist/tex/latex/graphics-cfg/color.cfg
File: color.cfg 2016/01/02 v1.6 sample color configuration
)
Package xcolor Info: Driver file: pdftex.def on input line 225.

(/usr/local/texlive/2016/texmf-dist/tex/latex/pdftex-def/pdftex.def
File: pdftex.def 2011/05/27 v0.06d Graphics/color for pdfTeX

(/usr/local/texlive/2016/texmf-dist/tex/generic/oberdiek/infwarerr.sty
Package: infwarerr 2016/05/16 v1.4 Providing info/warning/error messages (HO)
)
(/usr/local/texlive/2016/texmf-dist/tex/generic/oberdiek/ltxcmds.sty
Package: ltxcmds 2016/05/16 v1.23 LaTeX kernel commands for general use (HO)
)
\Gread@gobject=\count87
)
Package xcolor Info: Model `cmy' substituted by `cmy0' on input line 1348.
Package xcolor Info: Model `hsb' substituted by `rgb' on input line 1352.
Package xcolor Info: Model `RGB' extended on input line 1364.
Package xcolor Info: Model `HTML' substituted by `rgb' on input line 1366.
Package xcolor Info: Model `Hsb' substituted by `hsb' on input line 1367.
Package xcolor Info: Model `tHsb' substituted by `hsb' on input line 1368.
Package xcolor Info: Model `HSB' substituted by `hsb' on input line 1369.
Package xcolor Info: Model `Gray' substituted by `gray' on input line 1370.
Package xcolor Info: Model `wave' substituted by `hsb' on input line 1371.
)
(/usr/local/texlive/2016/texmf-dist/tex/latex/listings/listings.sty
(/usr/local/texlive/2016/texmf-dist/tex/latex/graphics/keyval.sty
Package: keyval 2014/10/28 v1.15 key=value parser (DPC)
\KV@toks@=\toks14
)
\lst@mode=\count88
\lst@gtempboxa=\box26
\lst@token=\toks15
\lst@length=\count89
\lst@currlwidth=\dimen103
\lst@column=\count90
\lst@pos=\count91
\lst@lostspace=\dimen104
\lst@width=\dimen105
\lst@newlines=\count92
\lst@lineno=\count93
\lst@maxwidth=\dimen106

(/usr/local/texlive/2016/texmf-dist/tex/latex/listings/lstmisc.sty
File: lstmisc.sty 2015/06/04 1.6 (Carsten Heinz)
\c@lstnumber=\count94
\lst@skipnumbers=\count95
\lst@framebox=\box27
)
(/usr/local/texlive/2016/texmf-dist/tex/latex/listings/listings.cfg
File: listings.cfg 2015/06/04 1.6 listings configuration
))
Package: listings 2015/06/04 1.6 (Carsten Heinz)

(/usr/local/texlive/2016/texmf-dist/tex/latex/graphics/graphicx.sty
Package: graphicx 2014/10/28 v1.0g Enhanced LaTeX Graphics (DPC,SPQR)

(/usr/local/texlive/2016/texmf-dist/tex/latex/graphics/graphics.sty
Package: graphics 2016/05/09 v1.0r Standard LaTeX Graphics (DPC,SPQR)

(/usr/local/texlive/2016/texmf-dist/tex/latex/graphics/trig.sty
Package: trig 2016/01/03 v1.10 sin cos tan (DPC)
)
(/usr/local/texlive/2016/texmf-dist/tex/latex/graphics-cfg/graphics.cfg
File: graphics.cfg 2016/01/02 v1.10 sample graphics configuration
)
Package graphics Info: Driver file: pdftex.def on input line 96.
)
\Gin@req@height=\dimen107
\Gin@req@width=\dimen108
)
(/usr/local/texlive/2016/texmf-dist/tex/latex/psnfss/times.sty
Package: times 2005/04/12 PSNFSS-v9.2a (SPQR) 
)
(/usr/local/texlive/2016/texmf-dist/tex/latex/caption/caption.sty
Package: caption 2016/02/21 v3.3-144 Customizing captions (AR)

(/usr/local/texlive/2016/texmf-dist/tex/latex/caption/caption3.sty
Package: caption3 2016/02/04 v1.7-139 caption3 kernel (AR)
Package caption3 Info: TeX engine: e-TeX on input line 67.
\captionmargin=\dimen109
\captionmargin@=\dimen110
\captionwidth=\dimen111
\caption@tempdima=\dimen112
\caption@indent=\dimen113
\caption@parindent=\dimen114
\caption@hangindent=\dimen115
)
\c@ContinuedFloat=\count96
Package caption Info: listings package is loaded.
)
(/usr/local/texlive/2016/texmf-dist/tex/latex/amsmath/amsmath.sty
Package: amsmath 2016/03/10 v2.15b AMS math features
\@mathmargin=\skip43

For additional information on amsmath, use the `?' option.
(/usr/local/texlive/2016/texmf-dist/tex/latex/amsmath/amstext.sty
Package: amstext 2000/06/29 v2.01 AMS text

(/usr/local/texlive/2016/texmf-dist/tex/latex/amsmath/amsgen.sty
File: amsgen.sty 1999/11/30 v2.0 generic functions
\@emptytoks=\toks16
\ex@=\dimen116
))
(/usr/local/texlive/2016/texmf-dist/tex/latex/amsmath/amsbsy.sty
Package: amsbsy 1999/11/29 v1.2d Bold Symbols
\pmbraise@=\dimen117
)
(/usr/local/texlive/2016/texmf-dist/tex/latex/amsmath/amsopn.sty
Package: amsopn 2016/03/08 v2.02 operator names
)
\inf@bad=\count97
LaTeX Info: Redefining \frac on input line 199.
\uproot@=\count98
\leftroot@=\count99
LaTeX Info: Redefining \overline on input line 297.
\classnum@=\count100
\DOTSCASE@=\count101
LaTeX Info: Redefining \ldots on input line 394.
LaTeX Info: Redefining \dots on input line 397.
LaTeX Info: Redefining \cdots on input line 518.
\Mathstrutbox@=\box28
\strutbox@=\box29
\big@size=\dimen118
LaTeX Font Info:    Redeclaring font encoding OML on input line 634.
LaTeX Font Info:    Redeclaring font encoding OMS on input line 635.
\macc@depth=\count102
\c@MaxMatrixCols=\count103
\dotsspace@=\muskip10
\c@parentequation=\count104
\dspbrk@lvl=\count105
\tag@help=\toks17
\row@=\count106
\column@=\count107
\maxfields@=\count108
\andhelp@=\toks18
\eqnshift@=\dimen119
\alignsep@=\dimen120
\tagshift@=\dimen121
\tagwidth@=\dimen122
\totwidth@=\dimen123
\lineht@=\dimen124
\@envbody=\toks19
\multlinegap=\skip44
\multlinetaggap=\skip45
\mathdisplay@stack=\toks20
LaTeX Info: Redefining \[ on input line 2739.
LaTeX Info: Redefining \] on input line 2740.
)
(/usr/local/texlive/2016/texmf-dist/tex/latex/amsfonts/amssymb.sty
Package: amssymb 2013/01/14 v3.01 AMS font symbols

(/usr/local/texlive/2016/texmf-dist/tex/latex/amsfonts/amsfonts.sty
Package: amsfonts 2013/01/14 v3.01 Basic AMSFonts support
\symAMSa=\mathgroup4
\symAMSb=\mathgroup5
LaTeX Font Info:    Overwriting math alphabet `\mathfrak' in version `bold'
(Font)                  U/euf/m/n --> U/euf/b/n on input line 106.
))
(/usr/local/texlive/2016/texmf-dist/tex/latex/fancyhdr/fancyhdr.sty
\fancy@headwidth=\skip46
\f@ncyO@elh=\skip47
\f@ncyO@erh=\skip48
\f@ncyO@olh=\skip49
\f@ncyO@orh=\skip50
\f@ncyO@elf=\skip51
\f@ncyO@erf=\skip52
\f@ncyO@olf=\skip53
\f@ncyO@orf=\skip54
)
(/usr/local/texlive/2016/texmf-dist/tex/latex/hyperref/hyperref.sty
Package: hyperref 2016/05/05 v6.83n Hypertext links for LaTeX

(/usr/local/texlive/2016/texmf-dist/tex/generic/oberdiek/hobsub-hyperref.sty
Package: hobsub-hyperref 2016/05/16 v1.14 Bundle oberdiek, subset hyperref (HO)


(/usr/local/texlive/2016/texmf-dist/tex/generic/oberdiek/hobsub-generic.sty
Package: hobsub-generic 2016/05/16 v1.14 Bundle oberdiek, subset generic (HO)
Package: hobsub 2016/05/16 v1.14 Construct package bundles (HO)
Package hobsub Info: Skipping package `infwarerr' (already loaded).
Package hobsub Info: Skipping package `ltxcmds' (already loaded).
Package: ifluatex 2016/05/16 v1.4 Provides the ifluatex switch (HO)
Package ifluatex Info: LuaTeX not detected.
Package: ifvtex 2016/05/16 v1.6 Detect VTeX and its facilities (HO)
Package ifvtex Info: VTeX not detected.
Package: intcalc 2016/05/16 v1.2 Expandable calculations with integers (HO)
Package: ifpdf 2016/05/14 v3.1 Provides the ifpdf switch
Package: etexcmds 2016/05/16 v1.6 Avoid name clashes with e-TeX commands (HO)
Package etexcmds Info: Could not find \expanded.
(etexcmds)             That can mean that you are not using pdfTeX 1.50 or
(etexcmds)             that some package has redefined \expanded.
(etexcmds)             In the latter case, load this package earlier.
Package: kvsetkeys 2016/05/16 v1.17 Key value parser (HO)
Package: kvdefinekeys 2016/05/16 v1.4 Define keys (HO)
Package: pdftexcmds 2016/05/10 v0.21 Utility functions of pdfTeX for LuaTeX (HO
)
Package pdftexcmds Info: LuaTeX not detected.
Package pdftexcmds Info: \pdf@primitive is available.
Package pdftexcmds Info: \pdf@ifprimitive is available.
Package pdftexcmds Info: \pdfdraftmode found.
Package: pdfescape 2016/05/16 v1.14 Implements pdfTeX's escape features (HO)
Package: bigintcalc 2016/05/16 v1.4 Expandable calculations on big integers (HO
)
Package: bitset 2016/05/16 v1.2 Handle bit-vector datatype (HO)
Package: uniquecounter 2016/05/16 v1.3 Provide unlimited unique counter (HO)
)
Package hobsub Info: Skipping package `hobsub' (already loaded).
Package: letltxmacro 2016/05/16 v1.5 Let assignment for LaTeX macros (HO)
Package: hopatch 2016/05/16 v1.3 Wrapper for package hooks (HO)
Package: xcolor-patch 2016/05/16 xcolor patch
Package: atveryend 2016/05/16 v1.9 Hooks at the very end of document (HO)
Package atveryend Info: \enddocument detected (standard20110627).
Package: atbegshi 2016/05/16 v1.17 At begin shipout hook (HO)
Package: refcount 2016/05/16 v3.5 Data extraction from label references (HO)
Package: hycolor 2016/05/16 v1.8 Color options for hyperref/bookmark (HO)
)
(/usr/local/texlive/2016/texmf-dist/tex/generic/ifxetex/ifxetex.sty
Package: ifxetex 2010/09/12 v0.6 Provides ifxetex conditional
)
(/usr/local/texlive/2016/texmf-dist/tex/latex/oberdiek/auxhook.sty
Package: auxhook 2016/05/16 v1.4 Hooks for auxiliary files (HO)
)
(/usr/local/texlive/2016/texmf-dist/tex/latex/oberdiek/kvoptions.sty
Package: kvoptions 2016/05/16 v3.12 Key value format for package options (HO)
)
\@linkdim=\dimen125
\Hy@linkcounter=\count109
\Hy@pagecounter=\count110

(/usr/local/texlive/2016/texmf-dist/tex/latex/hyperref/pd1enc.def
File: pd1enc.def 2016/05/05 v6.83n Hyperref: PDFDocEncoding definition (HO)
)
\Hy@SavedSpaceFactor=\count111

(/usr/local/texlive/2016/texmf-dist/tex/latex/latexconfig/hyperref.cfg
File: hyperref.cfg 2002/06/06 v1.2 hyperref configuration of TeXLive
)
Package hyperref Info: Hyper figures OFF on input line 4446.
Package hyperref Info: Link nesting OFF on input line 4451.
Package hyperref Info: Hyper index ON on input line 4454.
Package hyperref Info: Plain pages OFF on input line 4461.
Package hyperref Info: Backreferencing OFF on input line 4466.
Package hyperref Info: Implicit mode ON; LaTeX internals redefined.
Package hyperref Info: Bookmarks ON on input line 4691.
\c@Hy@tempcnt=\count112

(/usr/local/texlive/2016/texmf-dist/tex/latex/url/url.sty
\Urlmuskip=\muskip11
Package: url 2013/09/16  ver 3.4  Verb mode for urls, etc.
)
LaTeX Info: Redefining \url on input line 5044.
\XeTeXLinkMargin=\dimen126
\Fld@menulength=\count113
\Field@Width=\dimen127
\Fld@charsize=\dimen128
Package hyperref Info: Hyper figures OFF on input line 6298.
Package hyperref Info: Link nesting OFF on input line 6303.
Package hyperref Info: Hyper index ON on input line 6306.
Package hyperref Info: backreferencing OFF on input line 6313.
Package hyperref Info: Link coloring OFF on input line 6318.
Package hyperref Info: Link coloring with OCG OFF on input line 6323.
Package hyperref Info: PDF/A mode OFF on input line 6328.
LaTeX Info: Redefining \ref on input line 6368.
LaTeX Info: Redefining \pageref on input line 6372.
\Hy@abspage=\count114
\c@Item=\count115
\c@Hfootnote=\count116
)

Package hyperref Message: Driver (autodetected): hpdftex.

(/usr/local/texlive/2016/texmf-dist/tex/latex/hyperref/hpdftex.def
File: hpdftex.def 2016/05/05 v6.83n Hyperref driver for pdfTeX
\Fld@listcount=\count117
\c@bookmark@seq@number=\count118

(/usr/local/texlive/2016/texmf-dist/tex/latex/oberdiek/rerunfilecheck.sty
Package: rerunfilecheck 2016/05/16 v1.8 Rerun checks for auxiliary files (HO)
Package uniquecounter Info: New unique counter `rerunfilecheck' on input line 2
82.
)
\Hy@SectionHShift=\skip55
)
(/usr/local/texlive/2016/texmf-dist/tex/latex/cjk/texinput/CJKutf8.sty
Package: CJKutf8 2015/04/18 4.8.4

(/usr/local/texlive/2016/texmf-dist/tex/latex/base/inputenc.sty
Package: inputenc 2015/03/17 v1.2c Input encoding file
\inpenc@prehook=\toks21
\inpenc@posthook=\toks22

(/usr/local/texlive/2016/texmf-dist/tex/latex/base/utf8.def
File: utf8.def 2016/02/28 v1.1s UTF-8 support for inputenc
Now handling font encoding OML ...
... no UTF-8 mapping file for font encoding OML
Now handling font encoding T1 ...
... processing UTF-8 mapping file for font encoding T1

(/usr/local/texlive/2016/texmf-dist/tex/latex/base/t1enc.dfu
File: t1enc.dfu 2016/02/28 v1.1s UTF-8 support for inputenc
   defining Unicode char U+00A0 (decimal 160)
   defining Unicode char U+00A1 (decimal 161)
   defining Unicode char U+00A3 (decimal 163)
   defining Unicode char U+00AB (decimal 171)
   defining Unicode char U+00AD (decimal 173)
   defining Unicode char U+00BB (decimal 187)
   defining Unicode char U+00BF (decimal 191)
   defining Unicode char U+00C0 (decimal 192)
   defining Unicode char U+00C1 (decimal 193)
   defining Unicode char U+00C2 (decimal 194)
   defining Unicode char U+00C3 (decimal 195)
   defining Unicode char U+00C4 (decimal 196)
   defining Unicode char U+00C5 (decimal 197)
   defining Unicode char U+00C6 (decimal 198)
   defining Unicode char U+00C7 (decimal 199)
   defining Unicode char U+00C8 (decimal 200)
   defining Unicode char U+00C9 (decimal 201)
   defining Unicode char U+00CA (decimal 202)
   defining Unicode char U+00CB (decimal 203)
   defining Unicode char U+00CC (decimal 204)
   defining Unicode char U+00CD (decimal 205)
   defining Unicode char U+00CE (decimal 206)
   defining Unicode char U+00CF (decimal 207)
   defining Unicode char U+00D0 (decimal 208)
   defining Unicode char U+00D1 (decimal 209)
   defining Unicode char U+00D2 (decimal 210)
   defining Unicode char U+00D3 (decimal 211)
   defining Unicode char U+00D4 (decimal 212)
   defining Unicode char U+00D5 (decimal 213)
   defining Unicode char U+00D6 (decimal 214)
   defining Unicode char U+00D8 (decimal 216)
   defining Unicode char U+00D9 (decimal 217)
   defining Unicode char U+00DA (decimal 218)
   defining Unicode char U+00DB (decimal 219)
   defining Unicode char U+00DC (decimal 220)
   defining Unicode char U+00DD (decimal 221)
   defining Unicode char U+00DE (decimal 222)
   defining Unicode char U+00DF (decimal 223)
   defining Unicode char U+00E0 (decimal 224)
   defining Unicode char U+00E1 (decimal 225)
   defining Unicode char U+00E2 (decimal 226)
   defining Unicode char U+00E3 (decimal 227)
   defining Unicode char U+00E4 (decimal 228)
   defining Unicode char U+00E5 (decimal 229)
   defining Unicode char U+00E6 (decimal 230)
   defining Unicode char U+00E7 (decimal 231)
   defining Unicode char U+00E8 (decimal 232)
   defining Unicode char U+00E9 (decimal 233)
   defining Unicode char U+00EA (decimal 234)
   defining Unicode char U+00EB (decimal 235)
   defining Unicode char U+00EC (decimal 236)
   defining Unicode char U+00ED (decimal 237)
   defining Unicode char U+00EE (decimal 238)
   defining Unicode char U+00EF (decimal 239)
   defining Unicode char U+00F0 (decimal 240)
   defining Unicode char U+00F1 (decimal 241)
   defining Unicode char U+00F2 (decimal 242)
   defining Unicode char U+00F3 (decimal 243)
   defining Unicode char U+00F4 (decimal 244)
   defining Unicode char U+00F5 (decimal 245)
   defining Unicode char U+00F6 (decimal 246)
   defining Unicode char U+00F8 (decimal 248)
   defining Unicode char U+00F9 (decimal 249)
   defining Unicode char U+00FA (decimal 250)
   defining Unicode char U+00FB (decimal 251)
   defining Unicode char U+00FC (decimal 252)
   defining Unicode char U+00FD (decimal 253)
   defining Unicode char U+00FE (decimal 254)
   defining Unicode char U+00FF (decimal 255)
   defining Unicode char U+0100 (decimal 256)
   defining Unicode char U+0101 (decimal 257)
   defining Unicode char U+0102 (decimal 258)
   defining Unicode char U+0103 (decimal 259)
   defining Unicode char U+0104 (decimal 260)
   defining Unicode char U+0105 (decimal 261)
   defining Unicode char U+0106 (decimal 262)
   defining Unicode char U+0107 (decimal 263)
   defining Unicode char U+0108 (decimal 264)
   defining Unicode char U+0109 (decimal 265)
   defining Unicode char U+010A (decimal 266)
   defining Unicode char U+010B (decimal 267)
   defining Unicode char U+010C (decimal 268)
   defining Unicode char U+010D (decimal 269)
   defining Unicode char U+010E (decimal 270)
   defining Unicode char U+010F (decimal 271)
   defining Unicode char U+0110 (decimal 272)
   defining Unicode char U+0111 (decimal 273)
   defining Unicode char U+0112 (decimal 274)
   defining Unicode char U+0113 (decimal 275)
   defining Unicode char U+0114 (decimal 276)
   defining Unicode char U+0115 (decimal 277)
   defining Unicode char U+0116 (decimal 278)
   defining Unicode char U+0117 (decimal 279)
   defining Unicode char U+0118 (decimal 280)
   defining Unicode char U+0119 (decimal 281)
   defining Unicode char U+011A (decimal 282)
   defining Unicode char U+011B (decimal 283)
   defining Unicode char U+011C (decimal 284)
   defining Unicode char U+011D (decimal 285)
   defining Unicode char U+011E (decimal 286)
   defining Unicode char U+011F (decimal 287)
   defining Unicode char U+0120 (decimal 288)
   defining Unicode char U+0121 (decimal 289)
   defining Unicode char U+0122 (decimal 290)
   defining Unicode char U+0123 (decimal 291)
   defining Unicode char U+0124 (decimal 292)
   defining Unicode char U+0125 (decimal 293)
   defining Unicode char U+0128 (decimal 296)
   defining Unicode char U+0129 (decimal 297)
   defining Unicode char U+012A (decimal 298)
   defining Unicode char U+012B (decimal 299)
   defining Unicode char U+012C (decimal 300)
   defining Unicode char U+012D (decimal 301)
   defining Unicode char U+012E (decimal 302)
   defining Unicode char U+012F (decimal 303)
   defining Unicode char U+0130 (decimal 304)
   defining Unicode char U+0131 (decimal 305)
   defining Unicode char U+0132 (decimal 306)
   defining Unicode char U+0133 (decimal 307)
   defining Unicode char U+0134 (decimal 308)
   defining Unicode char U+0135 (decimal 309)
   defining Unicode char U+0136 (decimal 310)
   defining Unicode char U+0137 (decimal 311)
   defining Unicode char U+0139 (decimal 313)
   defining Unicode char U+013A (decimal 314)
   defining Unicode char U+013B (decimal 315)
   defining Unicode char U+013C (decimal 316)
   defining Unicode char U+013D (decimal 317)
   defining Unicode char U+013E (decimal 318)
   defining Unicode char U+0141 (decimal 321)
   defining Unicode char U+0142 (decimal 322)
   defining Unicode char U+0143 (decimal 323)
   defining Unicode char U+0144 (decimal 324)
   defining Unicode char U+0145 (decimal 325)
   defining Unicode char U+0146 (decimal 326)
   defining Unicode char U+0147 (decimal 327)
   defining Unicode char U+0148 (decimal 328)
   defining Unicode char U+014A (decimal 330)
   defining Unicode char U+014B (decimal 331)
   defining Unicode char U+014C (decimal 332)
   defining Unicode char U+014D (decimal 333)
   defining Unicode char U+014E (decimal 334)
   defining Unicode char U+014F (decimal 335)
   defining Unicode char U+0150 (decimal 336)
   defining Unicode char U+0151 (decimal 337)
   defining Unicode char U+0152 (decimal 338)
   defining Unicode char U+0153 (decimal 339)
   defining Unicode char U+0154 (decimal 340)
   defining Unicode char U+0155 (decimal 341)
   defining Unicode char U+0156 (decimal 342)
   defining Unicode char U+0157 (decimal 343)
   defining Unicode char U+0158 (decimal 344)
   defining Unicode char U+0159 (decimal 345)
   defining Unicode char U+015A (decimal 346)
   defining Unicode char U+015B (decimal 347)
   defining Unicode char U+015C (decimal 348)
   defining Unicode char U+015D (decimal 349)
   defining Unicode char U+015E (decimal 350)
   defining Unicode char U+015F (decimal 351)
   defining Unicode char U+0160 (decimal 352)
   defining Unicode char U+0161 (decimal 353)
   defining Unicode char U+0162 (decimal 354)
   defining Unicode char U+0163 (decimal 355)
   defining Unicode char U+0164 (decimal 356)
   defining Unicode char U+0165 (decimal 357)
   defining Unicode char U+0168 (decimal 360)
   defining Unicode char U+0169 (decimal 361)
   defining Unicode char U+016A (decimal 362)
   defining Unicode char U+016B (decimal 363)
   defining Unicode char U+016C (decimal 364)
   defining Unicode char U+016D (decimal 365)
   defining Unicode char U+016E (decimal 366)
   defining Unicode char U+016F (decimal 367)
   defining Unicode char U+0170 (decimal 368)
   defining Unicode char U+0171 (decimal 369)
   defining Unicode char U+0172 (decimal 370)
   defining Unicode char U+0173 (decimal 371)
   defining Unicode char U+0174 (decimal 372)
   defining Unicode char U+0175 (decimal 373)
   defining Unicode char U+0176 (decimal 374)
   defining Unicode char U+0177 (decimal 375)
   defining Unicode char U+0178 (decimal 376)
   defining Unicode char U+0179 (decimal 377)
   defining Unicode char U+017A (decimal 378)
   defining Unicode char U+017B (decimal 379)
   defining Unicode char U+017C (decimal 380)
   defining Unicode char U+017D (decimal 381)
   defining Unicode char U+017E (decimal 382)
   defining Unicode char U+01CD (decimal 461)
   defining Unicode char U+01CE (decimal 462)
   defining Unicode char U+01CF (decimal 463)
   defining Unicode char U+01D0 (decimal 464)
   defining Unicode char U+01D1 (decimal 465)
   defining Unicode char U+01D2 (decimal 466)
   defining Unicode char U+01D3 (decimal 467)
   defining Unicode char U+01D4 (decimal 468)
   defining Unicode char U+01E2 (decimal 482)
   defining Unicode char U+01E3 (decimal 483)
   defining Unicode char U+01E6 (decimal 486)
   defining Unicode char U+01E7 (decimal 487)
   defining Unicode char U+01E8 (decimal 488)
   defining Unicode char U+01E9 (decimal 489)
   defining Unicode char U+01EA (decimal 490)
   defining Unicode char U+01EB (decimal 491)
   defining Unicode char U+01F0 (decimal 496)
   defining Unicode char U+01F4 (decimal 500)
   defining Unicode char U+01F5 (decimal 501)
   defining Unicode char U+0218 (decimal 536)
   defining Unicode char U+0219 (decimal 537)
   defining Unicode char U+021A (decimal 538)
   defining Unicode char U+021B (decimal 539)
   defining Unicode char U+1E02 (decimal 7682)
   defining Unicode char U+1E03 (decimal 7683)
   defining Unicode char U+200C (decimal 8204)
   defining Unicode char U+2010 (decimal 8208)
   defining Unicode char U+2011 (decimal 8209)
   defining Unicode char U+2012 (decimal 8210)
   defining Unicode char U+2013 (decimal 8211)
   defining Unicode char U+2014 (decimal 8212)
   defining Unicode char U+2015 (decimal 8213)
   defining Unicode char U+2018 (decimal 8216)
   defining Unicode char U+2019 (decimal 8217)
   defining Unicode char U+201A (decimal 8218)
   defining Unicode char U+201C (decimal 8220)
   defining Unicode char U+201D (decimal 8221)
   defining Unicode char U+201E (decimal 8222)
   defining Unicode char U+2030 (decimal 8240)
   defining Unicode char U+2031 (decimal 8241)
   defining Unicode char U+2039 (decimal 8249)
   defining Unicode char U+203A (decimal 8250)
   defining Unicode char U+2423 (decimal 9251)
)
Now handling font encoding OT1 ...
... processing UTF-8 mapping file for font encoding OT1

(/usr/local/texlive/2016/texmf-dist/tex/latex/base/ot1enc.dfu
File: ot1enc.dfu 2016/02/28 v1.1s UTF-8 support for inputenc
   defining Unicode char U+00A0 (decimal 160)
   defining Unicode char U+00A1 (decimal 161)
   defining Unicode char U+00A3 (decimal 163)
   defining Unicode char U+00AD (decimal 173)
   defining Unicode char U+00B8 (decimal 184)
   defining Unicode char U+00BF (decimal 191)
   defining Unicode char U+00C5 (decimal 197)
   defining Unicode char U+00C6 (decimal 198)
   defining Unicode char U+00D8 (decimal 216)
   defining Unicode char U+00DF (decimal 223)
   defining Unicode char U+00E6 (decimal 230)
   defining Unicode char U+00EC (decimal 236)
   defining Unicode char U+00ED (decimal 237)
   defining Unicode char U+00EE (decimal 238)
   defining Unicode char U+00EF (decimal 239)
   defining Unicode char U+00F8 (decimal 248)
   defining Unicode char U+0131 (decimal 305)
   defining Unicode char U+0141 (decimal 321)
   defining Unicode char U+0142 (decimal 322)
   defining Unicode char U+0152 (decimal 338)
   defining Unicode char U+0153 (decimal 339)
   defining Unicode char U+0174 (decimal 372)
   defining Unicode char U+0175 (decimal 373)
   defining Unicode char U+0176 (decimal 374)
   defining Unicode char U+0177 (decimal 375)
   defining Unicode char U+0218 (decimal 536)
   defining Unicode char U+0219 (decimal 537)
   defining Unicode char U+021A (decimal 538)
   defining Unicode char U+021B (decimal 539)
   defining Unicode char U+2013 (decimal 8211)
   defining Unicode char U+2014 (decimal 8212)
   defining Unicode char U+2018 (decimal 8216)
   defining Unicode char U+2019 (decimal 8217)
   defining Unicode char U+201C (decimal 8220)
   defining Unicode char U+201D (decimal 8221)
)
Now handling font encoding OMS ...
... processing UTF-8 mapping file for font encoding OMS

(/usr/local/texlive/2016/texmf-dist/tex/latex/base/omsenc.dfu
File: omsenc.dfu 2016/02/28 v1.1s UTF-8 support for inputenc
   defining Unicode char U+00A7 (decimal 167)
   defining Unicode char U+00B6 (decimal 182)
   defining Unicode char U+00B7 (decimal 183)
   defining Unicode char U+2020 (decimal 8224)
   defining Unicode char U+2021 (decimal 8225)
   defining Unicode char U+2022 (decimal 8226)
)
Now handling font encoding OMX ...
... no UTF-8 mapping file for font encoding OMX
Now handling font encoding U ...
... no UTF-8 mapping file for font encoding U
Now handling font encoding PD1 ...
... no UTF-8 mapping file for font encoding PD1
   defining Unicode char U+00A9 (decimal 169)
   defining Unicode char U+00AA (decimal 170)
   defining Unicode char U+00AE (decimal 174)
   defining Unicode char U+00BA (decimal 186)
   defining Unicode char U+02C6 (decimal 710)
   defining Unicode char U+02DC (decimal 732)
   defining Unicode char U+200C (decimal 8204)
   defining Unicode char U+2026 (decimal 8230)
   defining Unicode char U+2122 (decimal 8482)
   defining Unicode char U+2423 (decimal 9251)
))
(/usr/local/texlive/2016/texmf-dist/tex/latex/cjk/texinput/CJK.sty
Package: CJK 2015/04/18 4.8.4

(/usr/local/texlive/2016/texmf-dist/tex/latex/cjk/texinput/mule/MULEenc.sty
Package: MULEenc 2015/04/18 4.8.4
)
(/usr/local/texlive/2016/texmf-dist/tex/latex/cjk/texinput/CJK.enc
File: CJK.enc 2015/04/18 4.8.4
Now handling font encoding C00 ...
... no UTF-8 mapping file for font encoding C00
Now handling font encoding C05 ...
... no UTF-8 mapping file for font encoding C05
Now handling font encoding C09 ...
... no UTF-8 mapping file for font encoding C09
Now handling font encoding C10 ...
... no UTF-8 mapping file for font encoding C10
Now handling font encoding C20 ...
... no UTF-8 mapping file for font encoding C20
Now handling font encoding C19 ...
... no UTF-8 mapping file for font encoding C19
Now handling font encoding C40 ...
... no UTF-8 mapping file for font encoding C40
Now handling font encoding C42 ...
... no UTF-8 mapping file for font encoding C42
Now handling font encoding C43 ...
... no UTF-8 mapping file for font encoding C43
Now handling font encoding C50 ...
... no UTF-8 mapping file for font encoding C50
Now handling font encoding C52 ...
... no UTF-8 mapping file for font encoding C52
Now handling font encoding C49 ...
... no UTF-8 mapping file for font encoding C49
Now handling font encoding C60 ...
... no UTF-8 mapping file for font encoding C60
Now handling font encoding C61 ...
... no UTF-8 mapping file for font encoding C61
Now handling font encoding C63 ...
... no UTF-8 mapping file for font encoding C63
Now handling font encoding C64 ...
... no UTF-8 mapping file for font encoding C64
Now handling font encoding C65 ...
... no UTF-8 mapping file for font encoding C65
Now handling font encoding C70 ...
... no UTF-8 mapping file for font encoding C70
Now handling font encoding C31 ...
... no UTF-8 mapping file for font encoding C31
Now handling font encoding C32 ...
... no UTF-8 mapping file for font encoding C32
Now handling font encoding C33 ...
... no UTF-8 mapping file for font encoding C33
Now handling font encoding C34 ...
... no UTF-8 mapping file for font encoding C34
Now handling font encoding C35 ...
... no UTF-8 mapping file for font encoding C35
Now handling font encoding C36 ...
... no UTF-8 mapping file for font encoding C36
Now handling font encoding C37 ...
... no UTF-8 mapping file for font encoding C37
Now handling font encoding C80 ...
... no UTF-8 mapping file for font encoding C80
Now handling font encoding C81 ...
... no UTF-8 mapping file for font encoding C81
Now handling font encoding C01 ...
... no UTF-8 mapping file for font encoding C01
Now handling font encoding C11 ...
... no UTF-8 mapping file for font encoding C11
Now handling font encoding C21 ...
... no UTF-8 mapping file for font encoding C21
Now handling font encoding C41 ...
... no UTF-8 mapping file for font encoding C41
Now handling font encoding C62 ...
... no UTF-8 mapping file for font encoding C62
)
LaTeX Info: Redefining \selectfont on input line 755.
\CJK@indent=\box30
)
(/usr/local/texlive/2016/texmf-dist/tex/latex/base/fontenc.sty
Package: fontenc 2005/09/27 v1.99g Standard LaTeX package
))
(/usr/local/texlive/2016/texmf-dist/tex/latex/psnfss/courier.sty
Package: courier 2005/04/12 PSNFSS-v9.2a (WaS) 
)
(./JOS_ARMÊä•Âëä.aux)
\openout1 = `JOS_ARMÊä•Âëä.aux'.

LaTeX Font Info:    Checking defaults for OML/cmm/m/it on input line 15.
LaTeX Font Info:    ... okay on input line 15.
LaTeX Font Info:    Checking defaults for T1/cmr/m/n on input line 15.
LaTeX Font Info:    ... okay on input line 15.
LaTeX Font Info:    Checking defaults for OT1/cmr/m/n on input line 15.
LaTeX Font Info:    ... okay on input line 15.
LaTeX Font Info:    Checking defaults for OMS/cmsy/m/n on input line 15.
LaTeX Font Info:    ... okay on input line 15.
LaTeX Font Info:    Checking defaults for OMX/cmex/m/n on input line 15.
LaTeX Font Info:    ... okay on input line 15.
LaTeX Font Info:    Checking defaults for U/cmr/m/n on input line 15.
LaTeX Font Info:    ... okay on input line 15.
LaTeX Font Info:    Checking defaults for PD1/pdf/m/n on input line 15.
LaTeX Font Info:    ... okay on input line 15.
LaTeX Font Info:    Checking defaults for C00/song/m/n on input line 15.
LaTeX Font Info:    ... okay on input line 15.
LaTeX Font Info:    Checking defaults for C05/song/m/n on input line 15.
LaTeX Font Info:    ... okay on input line 15.
LaTeX Font Info:    Checking defaults for C09/song/m/n on input line 15.
LaTeX Font Info:    ... okay on input line 15.
LaTeX Font Info:    Checking defaults for C10/song/m/n on input line 15.
LaTeX Font Info:    ... okay on input line 15.
LaTeX Font Info:    Checking defaults for C20/song/m/n on input line 15.
LaTeX Font Info:    ... okay on input line 15.
LaTeX Font Info:    Checking defaults for C19/song/m/n on input line 15.
LaTeX Font Info:    ... okay on input line 15.
LaTeX Font Info:    Checking defaults for C40/song/m/n on input line 15.
LaTeX Font Info:    ... okay on input line 15.
LaTeX Font Info:    Checking defaults for C42/song/m/n on input line 15.
LaTeX Font Info:    ... okay on input line 15.
LaTeX Font Info:    Checking defaults for C43/song/m/n on input line 15.
LaTeX Font Info:    ... okay on input line 15.
LaTeX Font Info:    Checking defaults for C50/song/m/n on input line 15.
LaTeX Font Info:    ... okay on input line 15.
LaTeX Font Info:    Checking defaults for C52/song/m/n on input line 15.
LaTeX Font Info:    ... okay on input line 15.
LaTeX Font Info:    Checking defaults for C49/song/m/n on input line 15.
LaTeX Font Info:    ... okay on input line 15.
LaTeX Font Info:    Checking defaults for C60/mj/m/n on input line 15.
LaTeX Font Info:    ... okay on input line 15.
LaTeX Font Info:    Checking defaults for C61/mj/m/n on input line 15.
LaTeX Font Info:    ... okay on input line 15.
LaTeX Font Info:    Checking defaults for C63/mj/m/n on input line 15.
LaTeX Font Info:    ... okay on input line 15.
LaTeX Font Info:    Checking defaults for C64/mj/m/n on input line 15.
LaTeX Font Info:    ... okay on input line 15.
LaTeX Font Info:    Checking defaults for C65/mj/m/n on input line 15.
LaTeX Font Info:    ... okay on input line 15.
LaTeX Font Info:    Checking defaults for C70/song/m/n on input line 15.
LaTeX Font Info:    ... okay on input line 15.
LaTeX Font Info:    Checking defaults for C31/song/m/n on input line 15.
LaTeX Font Info:    ... okay on input line 15.
LaTeX Font Info:    Checking defaults for C32/song/m/n on input line 15.
LaTeX Font Info:    ... okay on input line 15.
LaTeX Font Info:    Checking defaults for C33/song/m/n on input line 15.
LaTeX Font Info:    ... okay on input line 15.
LaTeX Font Info:    Checking defaults for C34/song/m/n on input line 15.
LaTeX Font Info:    ... okay on input line 15.
LaTeX Font Info:    Checking defaults for C35/song/m/n on input line 15.
LaTeX Font Info:    ... okay on input line 15.
LaTeX Font Info:    Checking defaults for C36/song/m/n on input line 15.
LaTeX Font Info:    ... okay on input line 15.
LaTeX Font Info:    Checking defaults for C37/song/m/n on input line 15.
LaTeX Font Info:    ... okay on input line 15.
LaTeX Font Info:    Checking defaults for C80/song/m/n on input line 15.
LaTeX Font Info:    ... okay on input line 15.
LaTeX Font Info:    Checking defaults for C81/song/m/n on input line 15.
LaTeX Font Info:    ... okay on input line 15.
LaTeX Font Info:    Checking defaults for C01/song/m/n on input line 15.
LaTeX Font Info:    ... okay on input line 15.
LaTeX Font Info:    Checking defaults for C11/song/m/n on input line 15.
LaTeX Font Info:    ... okay on input line 15.
LaTeX Font Info:    Checking defaults for C21/song/m/n on input line 15.
LaTeX Font Info:    ... okay on input line 15.
LaTeX Font Info:    Checking defaults for C41/song/m/n on input line 15.
LaTeX Font Info:    ... okay on input line 15.
LaTeX Font Info:    Checking defaults for C62/song/m/n on input line 15.
LaTeX Font Info:    ... okay on input line 15.
LaTeX Font Info:    Try loading font information for OT1+ptm on input line 15.

(/usr/local/texlive/2016/texmf-dist/tex/latex/psnfss/ot1ptm.fd
File: ot1ptm.fd 2001/06/04 font definitions for OT1/ptm.
)
(/usr/local/texlive/2016/texmf-dist/tex/context/base/mkii/supp-pdf.mkii
[Loading MPS to PDF converter (version 2006.09.02).]
\scratchcounter=\count119
\scratchdimen=\dimen129
\scratchbox=\box31
\nofMPsegments=\count120
\nofMParguments=\count121
\everyMPshowfont=\toks23
\MPscratchCnt=\count122
\MPscratchDim=\dimen130
\MPnumerator=\count123
\makeMPintoPDFobject=\count124
\everyMPtoPDFconversion=\toks24
)
\c@lstlisting=\count125
 (/usr/local/texlive/2016/texmf-dist/tex/latex/oberdiek/epstopdf-base.sty
Package: epstopdf-base 2016/05/15 v2.6 Base part for package epstopdf

(/usr/local/texlive/2016/texmf-dist/tex/latex/oberdiek/grfext.sty
Package: grfext 2016/05/16 v1.2 Manage graphics extensions (HO)
)
Package grfext Info: Graphics extension search list:
(grfext)             [.png,.pdf,.jpg,.mps,.jpeg,.jbig2,.jb2,.PNG,.PDF,.JPG,.JPE
G,.JBIG2,.JB2,.eps]
(grfext)             \AppendGraphicsExtensions on input line 456.

(/usr/local/texlive/2016/texmf-dist/tex/latex/latexconfig/epstopdf-sys.cfg
File: epstopdf-sys.cfg 2010/07/13 v1.3 Configuration of (r)epstopdf for TeX Liv
e
))
Package caption Info: Begin \AtBeginDocument code.
Package caption Info: hyperref package is loaded.
Package caption Info: End \AtBeginDocument code.
\AtBeginShipoutBox=\box32
Package hyperref Info: Link coloring OFF on input line 15.

(/usr/local/texlive/2016/texmf-dist/tex/latex/hyperref/nameref.sty
Package: nameref 2012/10/27 v2.43 Cross-referencing by name of section

(/usr/local/texlive/2016/texmf-dist/tex/generic/oberdiek/gettitlestring.sty
Package: gettitlestring 2016/05/16 v1.5 Cleanup title references (HO)
)
\c@section@level=\count126
)
LaTeX Info: Redefining \ref on input line 15.
LaTeX Info: Redefining \pageref on input line 15.
LaTeX Info: Redefining \nameref on input line 15.

(./JOS_ARMÊä•Âëä.out) (./JOS_ARMÊä•Âëä.out)
\@outlinefile=\write3
\openout3 = `JOS_ARMÊä•Âëä.out'.


(/usr/local/texlive/2016/texmf-dist/tex/latex/cjk/texinput/UTF8/UTF8.bdg
File: UTF8.bdg 2015/04/18 4.8.4
)
(/usr/local/texlive/2016/texmf-dist/tex/latex/cjk/texinput/UTF8/UTF8.enc
File: UTF8.enc 2015/04/18 4.8.4
)
(/usr/local/texlive/2016/texmf-dist/tex/latex/cjk/texinput/UTF8/UTF8.chr
File: UTF8.chr 2015/04/18 4.8.4
)
(/usr/local/texlive/2016/texmf-dist/tex/latex/listings/lstlang1.sty
File: lstlang1.sty 2015/06/04 1.6 listings language file
)
LaTeX Font Info:    Font shape `OT1/ptm/bx/n' in size <17.28> not available
(Font)              Font shape `OT1/ptm/b/n' tried instead on input line 69.
LaTeX Font Info:    Try loading font information for C70+gkai on input line 69.


(/usr/local/texlive/2016/texmf-dist/tex/latex/cjk/texinput/UTF8/c70gkai.fd
File: c70gkai.fd 2015/04/18 4.8.4
)
(/usr/local/texlive/2016/texmf-dist/tex/latex/cjk/texinput/UTF8/c70gkai.fdx
File: c70gkai.fdx 2015/04/18 4.8.4
)
LaTeX Font Info:    Try loading font information for U+msa on input line 69.

(/usr/local/texlive/2016/texmf-dist/tex/latex/amsfonts/umsa.fd
File: umsa.fd 2013/01/14 v3.01 AMS symbols A
)
LaTeX Font Info:    Try loading font information for U+msb on input line 69.

(/usr/local/texlive/2016/texmf-dist/tex/latex/amsfonts/umsb.fd
File: umsb.fd 2013/01/14 v3.01 AMS symbols B
)
LaTeX Font Info:    Font shape `OT1/ptm/bx/n' in size <14.4> not available
(Font)              Font shape `OT1/ptm/b/n' tried instead on input line 69.

(./JOS_ARMÊä•Âëä.toc
LaTeX Font Info:    Font shape `OT1/ptm/bx/n' in size <10.95> not available
(Font)              Font shape `OT1/ptm/b/n' tried instead on input line 1.
)
\tf@toc=\write4
\openout4 = `JOS_ARMÊä•Âëä.toc'.

 [1

{/usr/local/texlive/2016/texmf-var/fonts/map/pdftex/updmap/pdftex.map}]
LaTeX Font Info:    Font shape `OT1/ptm/bx/n' in size <12> not available
(Font)              Font shape `OT1/ptm/b/n' tried instead on input line 79.

Overfull \hbox (1.2382pt too wide) in paragraph at lines 80--81
\OT1/ptm/m/n/10.95 chine\C70/gkai/m/n/10.95/ff ^^L \C70/gkai/m/n/10.95/66 Ù \C7
0/gkai/m/n/10.95/65 È \C70/gkai/m/n/10.95/79  \C70/gkai/m/n/10.95/4f \ \C70/gk
ai/m/n/10.95/ff ^^Z\OT1/ptm/m/n/10.95 Acorn RISC Ma-chine\C70/gkai/m/n/10.95/ff
 	 ^^L \C70/gkai/m/n/10.95/66 / \C70/gkai/m/n/10.95/4e ^^@ *\OT1/ptm/m/n/10.95 
32\C70/gkai/m/n/10.95/4f M \C70/gkai/m/n/10.95/7c æ \C70/gkai/m/n/10.95/7b Ä \C
70/gkai/m/n/10.95/63 ^^G \C70/gkai/m/n/10.95/4e ‰ \C70/gkai/m/n/10.95/96 ∆ \C70
/gkai/m/n/10.95/ff ^^H\OT1/ptm/m/n/10.95 RISC\C70/gkai/m/n/10.95/ff 	
 []


Overfull \hbox (6.34698pt too wide) in paragraph at lines 88--89
[]\C70/gkai/m/n/10.95/68 ^^Q \C70/gkai/m/n/10.95/83 ì \C70/gkai/m/n/10.95/6d >\
OT1/ptm/m/n/10.95 2\C70/gkai/m/n/10.95/4e „ \C70/gkai/m/n/10.95/76 Ñ\OT1/ptm/m/
n/10.95 Model B\C70/gkai/m/n/10.95/91 « \C70/gkai/m/n/10.95/75 (\OT1/ptm/m/n/10
.95 Broadcom BCM2836 900MHz\C70/gkai/m/n/10.95/76 Ñ \C70/gkai/m/n/10.95/56 € \C
70/gkai/m/n/10.95/68 8\OT1/ptm/m/n/10.95 SoC\C70/gkai/m/n/10.95/ff ^^L\OT1/ptm/
m/n/10.95 1GB\C70/gkai/m/n/10.95/51 Ö
 []


Overfull \hbox (8.86678pt too wide) in paragraph at lines 90--91
[]\C70/gkai/m/n/10.95/75 1 \C70/gkai/m/n/10.95/4e é \C70/gkai/m/n/10.95/62 ^^Q 
\C70/gkai/m/n/10.95/4e Ï \C70/gkai/m/n/10.95/67 a \C70/gkai/m/n/10.95/4e ˆ \C70
/gkai/m/n/10.95/62 @ \C70/gkai/m/n/10.95/96 P \C70/gkai/m/n/10.95/ff ^^L \C70/g
kai/m/n/10.95/62 ^^Q \C70/gkai/m/n/10.95/4e Ï \C70/gkai/m/n/10.95/90 	 \C70/gka
i/m/n/10.95/75 (\OT1/ptm/m/n/10.95 qemu\C70/gkai/m/n/10.95/6a ! \C70/gkai/m/n/1
0.95/62 ﬂ \C70/gkai/m/n/10.95/76 Ñ \C70/gkai/m/n/10.95/68 ^^Q \C70/gkai/m/n/10.
95/83 ì \C70/gkai/m/n/10.95/6d >\OT1/ptm/m/n/10.95 2 \C70/gkai/m/n/10.95/8f € \
C70/gkai/m/n/10.95/88 L \C70/gkai/m/n/10.95/9a å \C70/gkai/m/n/10.95/8b ¡ \C70/
gkai/m/n/10.95/6d K \C70/gkai/m/n/10.95/8b ’ \C70/gkai/m/n/10.95/30 ^^B\OT1/ptm
/m/n/10.95 qemu\C70/gkai/m/n/10.95/66 /
 []

LaTeX Font Info:    Try loading font information for OT1+pcr on input line 94.
(/usr/local/texlive/2016/texmf-dist/tex/latex/psnfss/ot1pcr.fd
File: ot1pcr.fd 2001/06/04 font definitions for OT1/pcr.
)

Package Fancyhdr Warning: \headheight is too small (12.0pt): 
 Make it at least 13.59999pt.
 We now make it that large for the rest of the document.
 This may cause the page layout to be inconsistent, however.

[2]
LaTeX Font Info:    Try loading font information for OMS+ptm on input line 118.

 (/usr/local/texlive/2016/texmf-dist/tex/latex/psnfss/omsptm.fd
File: omsptm.fd 
)
LaTeX Font Info:    Font shape `OMS/ptm/m/n' in size <10.95> not available
(Font)              Font shape `OMS/cmsy/m/n' tried instead on input line 118.

Overfull \hbox (24.41528pt too wide) in paragraph at lines 130--131
[]\C70/gkai/m/n/10.95/57 ˙ \C70/gkai/m/n/10.95/4e é Â 
 \C70/gkai/m/n/10.95/51 Ö \C70/gkai/m/n/10.95/5b π \C70/gkai/m/n/10.95/ff ^^L \
C70/gkai/m/n/10.95/62 ^^Q \C70/gkai/m/n/10.95/76 Ñ \C70/gkai/m/n/10.95/57 ˙ \C7
0/gkai/m/n/10.95/67 , \C70/gkai/m/n/10.95/64 Õ \C70/gkai/m/n/10.95/4f \ \C70/gk
ai/m/n/10.95/7c ˚ \C70/gkai/m/n/10.95/7e ﬂ \C70/gkai/m/n/10.95/5c 1 \C70/gkai/m
/n/10.95/4e ^^M \C70/gkai/m/n/10.95/75 ( \C70/gkai/m/n/10.95/53 ^^E \C70/gkai/m
/n/10.95/62 Ï\OT1/ptm/m/n/10.95 bootloader\C70/gkai/m/n/10.95/ff ^^L \C70/gkai/
m/n/10.95/53 Í ^^E \C70/gkai/m/n/10.95/62 Ï\OT1/ptm/m/n/10.95 bootloader\C70/gk
ai/m/n/10.95/5d Â
 []

LaTeX Font Info:    Font shape `OT1/ptm/bx/n' in size <10.95> not available
(Font)              Font shape `OT1/ptm/b/n' tried instead on input line 145.

Overfull \hbox (19.50296pt too wide) in paragraph at lines 145--147
 []\OT1/ptm/b/n/10.95 Initialize BSS[] \C70/gkai/m/n/10.95/62 ^^Q \C70/gkai/m/n
/10.95/75 ( \C70/gkai/m/n/10.95/4e Ü\OT1/ptm/m/n/10.95 stmia\C70/gkai/m/n/10.95
/63 ^^G \C70/gkai/m/n/10.95/4e ‰ \C70/gkai/m/n/10.95/8f € \C70/gkai/m/n/10.95/8
8 L \C70/gkai/m/n/10.95/8d K \C70/gkai/m/n/10.95/50 < \C70/gkai/m/n/10.95/64 Õ 
\C70/gkai/m/n/10.95/4f \ \C70/gkai/m/n/10.95/ff ^^L \C70/gkai/m/n/10.95/51 h \C
70/gkai/m/n/10.95/5c @ \C70/gkai/m/n/10.95/4f ^^? \C70/gkai/m/n/10.95/75 ( \C70
/gkai/m/n/10.95/4e ^^@ * \C70/gkai/m/n/10.95/5f ™ \C70/gkai/m/n/10.95/73 Ø \C70
/gkai/m/n/10.95/5c ^^F\OT1/ptm/m/n/10.95 edata end\C70/gkai/m/n/10.95/95 Ù
 []

[3]
LaTeX Font Info:    Font shape `OT1/ptm/bx/n' in size <10.95> not available
(Font)              Font shape `OT1/ptm/b/n' tried instead on input line 168.

Overfull \hbox (33.59566pt too wide) detected at line 178
\OML/cmm/m/it/10.95 MCR\OMS/cmsy/m/n/10.95 f\OML/cmm/m/it/10.95 < cond >\OMS/cm
sy/m/n/10.95 g \OML/cmm/m/it/10.95 < p >; < op[] >; < Rd >; < CRn >; < CRm > \O
MS/cmsy/m/n/10.95 f\OML/cmm/m/it/10.95 ; < op[] >\OMS/cmsy/m/n/10.95 g
 []


Overfull \hbox (33.59566pt too wide) detected at line 184
\OML/cmm/m/it/10.95 MCR\OMS/cmsy/m/n/10.95 f\OML/cmm/m/it/10.95 < cond >\OMS/cm
sy/m/n/10.95 g \OML/cmm/m/it/10.95 < p >; < op[] >; < Rd >; < CRn >; < CRm > \O
MS/cmsy/m/n/10.95 f\OML/cmm/m/it/10.95 ; < op[] >\OMS/cmsy/m/n/10.95 g
 []


Overfull \hbox (55.72293pt too wide) in paragraph at lines 194--195
[]$\OML/cmm/m/it/10.95 < CRn >$\C70/gkai/m/n/10.95/4f \ \C70/gkai/bx/n/10.95/4e
 : \C70/gkai/bx/n/10.95/76 Ó \C70/gkai/m/n/10.95/68 ^^G \C70/gkai/m/n/10.95/5b 
ƒ X \C70/gkai/m/n/10.95/56 h \C70/gkai/bx/n/10.95/76 Ñ \C70/gkai/m/n/10.95/53 O
 \C70/gkai/m/n/10.95/59 ^^D \C70/gkai/m/n/10.95/74 ^^F \C70/gkai/m/n/10.95/56 h
 \C70/gkai/m/n/10.95/5b ƒ X \C70/gkai/m/n/10.95/56 h \C70/gkai/bx/n/10.95/ff ^^
L \C70/gkai/m/n/10.95/51 v \C70/gkai/m/n/10.95/7f ^^V \C70/gkai/m/n/10.95/53 ˜ 
Ô \C70/gkai/m/n/10.95/80 ˝ \C70/gkai/m/n/10.95/66 /\OT1/ptm/m/n/10.95 C0\C70/gk
ai/bx/n/10.95/ff ^^L\OT1/ptm/m/n/10.95 C1\C70/gkai/bx/n/10.95/ff ^^L\OT1/ptm/m/
n/10.95 ...\C70/gkai/bx/n/10.95/ff ^^L\OT1/ptm/m/n/10.95 C15\C70/gkai/m/n/10.95
/30 ^^B 
 []

[4]
Overfull \hbox (22.20673pt too wide) in paragraph at lines 210--214
[]\OT1/ptm/m/n/10.95 C2\C70/gkai/bx/n/10.95/5b ƒ X \C70/gkai/bx/n/10.95/56 h \C
70/gkai/bx/n/10.95/ff ^^Z\OT1/ptm/m/n/10.95 Translation Ta-ble Base(TTB) Reg-is
-ter C2\C70/gkai/bx/n/10.95/5b ƒ X \C70/gkai/bx/n/10.95/56 h \C70/gkai/m/n/10.9
5/7c { \C70/gkai/m/n/10.95/4f < \C70/gkai/bx/n/10.95/4e é\OT1/ptm/m/n/10.95 x86
\C70/gkai/bx/n/10.95/76 Ñ\OT1/ptm/m/n/10.95 cr3\C70/gkai/bx/n/10.95/5b ƒ
 []


Overfull \hbox (11.94928pt too wide) in paragraph at lines 210--214
\C70/gkai/bx/n/10.95/5b X \C70/gkai/bx/n/10.95/56 h \C70/gkai/bx/n/10.95/ff ^^L
 \C70/gkai/m/n/10.95/75 ( \C70/gkai/m/n/10.95/67 e \C70/gkai/bx/n/10.95/5b X \C
70/gkai/m/n/10.95/50 ® \C70/gkai/m/n/10.95/7b , \C70/gkai/bx/n/10.95/4e ^^@ \C7
0/gkai/m/n/10.95/7e ß \C70/gkai/m/n/10.95/98 u \C70/gkai/m/n/10.95/88 h \C70/gk
ai/bx/n/10.95/76 Ñ \C70/gkai/m/n/10.95/57 ˙ 0 @ \C70/gkai/m/n/10.95/30 ^^B \C70
/gkai/m/n/10.95/75 1 \C70/gkai/bx/n/10.95/4e é\OT1/ptm/m/n/10.95 ARM\C70/gkai/b
x/n/10.95/76 Ñ \C70/gkai/bx/n/10.95/4e ^^@ \C70/gkai/m/n/10.95/7e ß \C70/gkai/m
/n/10.95/98 u \C70/gkai/m/n/10.95/88 h \C70/gkai/m/n/10.95/67 	\OT1/ptm/m/n/10.
95 4096\C70/gkai/m/n/10.95/98 y \C70/gkai/bx/n/10.95/ff ^^L
 []


Overfull \hbox (8.88255pt too wide) in paragraph at lines 224--227
\C70/gkai/m/n/10.95/7f n\OT1/ptm/m/n/10.95 C3\C70/gkai/bx/n/10.95/5b ƒ X \C70/g
kai/bx/n/10.95/56 h \C70/gkai/bx/n/10.95/ff ^^L \C70/gkai/m/n/10.95/5c ^^F \C70
/gkai/m/n/10.95/62 @ \C70/gkai/m/n/10.95/67 	 \C70/gkai/m/n/10.95/57 ﬂ \C70/gka
i/m/n/10.95/90 ˝ \C70/gkai/m/n/10.95/8b æ \C70/gkai/m/n/10.95/7f n \C70/gkai/bx
/n/10.95/4e :\OT1/ptm/m/n/10.95 Manager\C70/gkai/bx/n/10.95/ff ^^[ \C70/gkai/m/
n/10.95/67 ^^@ \C70/gkai/m/n/10.95/54 ^^N \C70/gkai/m/n/10.95/90 ^^Z \C70/gkai/
m/n/10.95/8f « \C70/gkai/m/n/10.95/8b æ \C70/gkai/m/n/10.95/7f n\OT1/ptm/m/n/10
.95 C1\C70/gkai/bx/n/10.95/5b ƒ X \C70/gkai/bx/n/10.95/56 h \C70/gkai/bx/n/10.9
5/76 Ñ\OT1/ptm/m/n/10.95 enable\C70/gkai/m/n/10.95/4f M
 []

LaTeX Font Info:    Font shape `OT1/ptm/bx/n' in size <10.95> not available
(Font)              Font shape `OT1/ptm/b/n' tried instead on input line 242.
[5]
Overfull \hbox (4.96169pt too wide) in paragraph at lines 262--263
\C70/gkai/m/n/10.95/57 ( \C70/gkai/m/n/10.95/8f Ÿ \C70/gkai/bx/n/10.95/91 Ã \C7
0/gkai/m/n/10.95/62 ^^Q \C70/gkai/bx/n/10.95/5b û \C70/gkai/m/n/10.95/73 ∞ \C70
/gkai/bx/n/10.95/4e Ü \C70/gkai/m/n/10.95/54 å\OT1/ptm/m/n/10.95 jos\C70/gkai/b
x/n/10.95/4e -\OT1/ptm/m/n/10.95 i386[]init()\C70/gkai/bx/n/10.95/5b ˘ \C70/gka
i/m/n/10.95/5e î \C70/gkai/bx/n/10.95/76 Ñ\OT1/ptm/m/n/10.95 arm[]init()\C70/gk
ai/bx/n/10.95/ff ^^L \C70/gkai/bx/n/10.95/5b ˘ \C70/gkai/bx/n/10.95/4e é\OT1/pt
m/m/n/10.95 Lab1\C70/gkai/m/n/10.95/54 å\OT1/ptm/m/n/10.95 Lab2\C70/gkai/bx/n/1
0.95/76 Ñ \C70/gkai/m/n/10.95/79 ˚ \C70/gkai/m/n/10.95/69 ^^M \C70/gkai/bx/n/10
.95/ff ^^L
 []


Overfull \hbox (4.68849pt too wide) in paragraph at lines 278--279
\OT1/ptm/m/n/10.95 JOS\C70/gkai/m/n/10.95/57 (\OT1/ptm/m/n/10.95 console.c\C70/
gkai/bx/n/10.95/4e - \C70/gkai/bx/n/10.95/5b û \C70/gkai/m/n/10.95/73 ∞ \C70/gk
ai/bx/n/10.95/4e Ü \C70/gkai/bx/n/10.95/63 ß \C70/gkai/m/n/10.95/52 6 \C70/gkai
/m/n/10.95/53  \C70/gkai/m/n/10.95/8f ì \C70/gkai/m/n/10.95/51 e \C70/gkai/m/n
/10.95/8f ì \C70/gkai/m/n/10.95/51 ˙ \C70/gkai/bx/n/10.95/76 Ñ\OT1/ptm/m/n/10.9
5 API\C70/gkai/bx/n/10.95/ff ^^L \C70/gkai/m/n/10.95/62 ^^Q \C70/gkai/bx/n/10.9
5/4e Ï \C70/gkai/m/n/10.95/97 ^^@ \C70/gkai/bx/n/10.95/89 Å \C70/gkai/m/n/10.95
/5c ^^F \C70/gkai/m/n/10.95/51 v \C70/gkai/m/n/10.95/79 ˚ \C70/gkai/m/n/10.95/6
9 ^^M \C70/gkai/m/n/10.95/52 0\OT1/ptm/m/n/10.95 ARM\C70/gkai/m/n/10.95/67 ∂
 []

[6] [7] <paging.png, id=340, 804.00375pt x 644.4075pt>
File: paging.png Graphic file (type png)
 <use paging.png>
Package pdftex.def Info: paging.png used on input line 337.
(pdftex.def)             Requested size: 361.34999pt x 289.61688pt.

Overfull \hbox (1.34999pt too wide) in paragraph at lines 337--339
 [] 
 []

[8 <./paging.png>]
Overfull \hbox (0.99818pt too wide) in paragraph at lines 358--360
\C70/gkai/m/n/10.95/98 u \C70/gkai/m/n/10.95/88 h\OT1/ptm/m/n/10.95 1MB\C70/gka
i/m/n/10.95/51 Ö \C70/gkai/bx/n/10.95/5b X \C70/gkai/m/n/10.95/98 u \C70/gkai/b
x/n/10.95/ff ^^L \C70/gkai/m/n/10.95/5c ^^F\OT1/ptm/m/n/10.95 [0, 16MB)\C70/gka
i/m/n/10.95/72 i \C70/gkai/m/n/10.95/74 ^^F \C70/gkai/m/n/10.95/51 Ö \C70/gkai/
bx/n/10.95/5b X \C70/gkai/m/n/10.95/54 ^^L \C70/gkai/m/n/10.95/65 ˆ \C70/gkai/m
/n/10.95/66   \C70/gkai/m/n/10.95/5c ^^D \C70/gkai/m/n/10.95/52 0\OT1/ptm/m/n/1
0.95 [0 16MB)\C70/gkai/m/n/10.95/54 å\OT1/ptm/m/n/10.95 [KERNBASE,
 []

LaTeX Font Info:    Font shape `OT1/ptm/bx/n' in size <10.95> not available
(Font)              Font shape `OT1/ptm/b/n' tried instead on input line 382.

Overfull \hbox (4.8308pt too wide) in paragraph at lines 382--384
\C70/gkai/m/n/10.95/88 h\OT1/ptm/m/n/10.95 entry[]pgdir\C70/gkai/m/n/10.95/30 ^
^A \C70/gkai/m/n/10.95/51 Ö \C70/gkai/m/n/10.95/68 8 \C70/gkai/bx/n/10.95/98 u 
\C70/gkai/m/n/10.95/88 h\OT1/ptm/m/n/10.95 kern[]pgdir\C70/gkai/m/n/10.95/65 > 
\C70/gkai/m/n/10.95/51 e\OT1/ptm/m/n/10.95 data\C70/gkai/m/n/10.95/6b µ \C70/gk
ai/bx/n/10.95/ff ^^L \C70/gkai/bx/n/10.95/56 ‡ \C70/gkai/m/n/10.95/6b d \C70/gk
ai/bx/n/10.95/5b É \C70/gkai/bx/n/10.95/4e Ï \C70/gkai/m/n/10.95/90 ˝ \C70/gkai
/m/n/10.95/57 (\OT1/ptm/m/n/10.95 end\C70/gkai/bx/n/10.95/4e K  \C70/gkai/m/n/
10.95/30 ^^B\OT1/ptm/m/n/10.95 end\C70/gkai/m/n/10.95/66 /
 []

[9]
LaTeX Font Info:    Font shape `OT1/ptm/bx/n' in size <10.95> not available
(Font)              Font shape `OT1/ptm/b/n' tried instead on input line 428.
 [10]
Overfull \hbox (1.63387pt too wide) in paragraph at lines 432--433
\C70/gkai/bx/n/10.95/91 Ã \C70/gkai/bx/n/10.95/ff ^^L \C70/gkai/m/n/10.95/62 ^^
Q \C70/gkai/m/n/10.95/6c ° \C70/gkai/m/n/10.95/67 	 \C70/gkai/bx/n/10.95/7b Ä \
C70/gkai/m/n/10.95/53 U \C70/gkai/bx/n/10.95/76 Ñ \C70/gkai/bx/n/10.95/4e : \C7
0/gkai/m/n/10.95/6b œ \C70/gkai/bx/n/10.95/4e * \C70/gkai/bx/n/10.95/98 u \C70/
gkai/bx/n/10.95/88 h \C70/gkai/m/n/10.95/90 ˝ \C70/gkai/m/n/10.95/52 ^^F \C70/g
kai/bx/n/10.95/91 M \C70/gkai/bx/n/10.95/4e ^^@ * \C70/gkai/bx/n/10.95/98 u \C7
0/gkai/bx/n/10.95/ff ^^L \C70/gkai/m/n/10.95/80 ^^L \C70/gkai/bx/n/10.95/66 / \
C70/gkai/bx/n/10.95/5b û \C70/gkai/m/n/10.95/73 ∞ \C70/gkai/bx/n/10.95/4e Ü ^^@
 *\OT1/ptm/m/n/10.95 pgtbl[]alloc()\C70/gkai/bx/n/10.95/76 Ñ
 []

LaTeX Font Info:    Font shape `OT1/ptm/bx/n' in size <10.95> not available
(Font)              Font shape `OT1/ptm/b/n' tried instead on input line 455.

Overfull \hbox (45.4664pt too wide) in paragraph at lines 455--456
 []\C70/gkai/bx/n/10.95/51 Ö[][] \C70/gkai/bx/n/10.95/68 8[][] \C70/gkai/bx/n/1
0.95/98 u[][] \C70/gkai/bx/n/10.95/88 h[][] \C70/gkai/bx/n/10.95/52 ^^][][] \C7
0/gkai/bx/n/10.95/59 À[][] \C70/gkai/bx/n/10.95/53 ^^V[][][] \C70/gkai/m/n/10.9
5/62 ^^Q[][] \C70/gkai/bx/n/10.95/4e Ï \C70/gkai/bx/n/10.95/91 « \C70/gkai/m/n/
10.95/75 ( \C70/gkai/m/n/10.95/54 å\OT1/ptm/m/n/10.95 x86\C70/gkai/m/n/10.95/7c
 { \C70/gkai/m/n/10.95/4f < \C70/gkai/bx/n/10.95/76 Ñ \C70/gkai/bx/n/10.95/51 Ö
 \C70/gkai/bx/n/10.95/5b X \C70/gkai/m/n/10.95/5e ^^C \C70/gkai/bx/n/10.95/5c @
 \C70/gkai/bx/n/10.95/ff ^^L \C70/gkai/m/n/10.95/99 ñ \C70/gkai/bx/n/10.95/51 H
 \C70/gkai/bx/n/10.95/66 / \C70/gkai/bx/n/10.95/5c ^^F\OT1/ptm/m/n/10.95 kernel
 base0xf0000000\C70/gkai/bx/n/10.95/4e Â
 []


Overfull \hbox (15.2824pt too wide) in paragraph at lines 457--458
[]\C70/gkai/m/n/10.95/62 ^^Q \C70/gkai/bx/n/10.95/52 ^^] \C70/gkai/bx/n/10.95/5
9 À \C70/gkai/bx/n/10.95/53 ^^V \C70/gkai/bx/n/10.95/4e Ü \C70/gkai/m/n/10.95/8
f Ÿ \C70/gkai/bx/n/10.95/4e õ \C70/gkai/bx/n/10.95/66   \C70/gkai/bx/n/10.95/5c
 ^^D \C70/gkai/bx/n/10.95/ff ^^L \C70/gkai/bx/n/10.95/51 w \C70/gkai/m/n/10.95/
4f S \C70/gkai/m/n/10.95/8b Ê \C70/gkai/bx/n/10.95/89 ¡\OT1/ptm/m/n/10.95 mem[]
init()\C70/gkai/bx/n/10.95/4e - \C70/gkai/bx/n/10.95/76 Ñ \C70/gkai/m/n/10.95/9
0 Ë \C70/gkai/bx/n/10.95/52 ^^F \C70/gkai/bx/n/10.95/4e „ \C70/gkai/m/n/10.95/7
8 ^^A \C70/gkai/bx/n/10.95/ff ^^L \C70/gkai/m/n/10.95/54 ^^L \C70/gkai/m/n/10.9
5/65 ˆ\OT1/ptm/m/n/10.95 mem[]init()\C70/gkai/m/n/10.95/8f ÿ
 []

[11]
Underfull \hbox (badness 10000) in paragraph at lines 509--529

 []


Underfull \hbox (badness 10000) in paragraph at lines 509--529

 []


Underfull \hbox (badness 10000) in paragraph at lines 509--529

 []

[12]
Underfull \hbox (badness 10000) in paragraph at lines 531--543

 []


Underfull \hbox (badness 10000) in paragraph at lines 531--543

 []

[13]
Package atveryend Info: Empty hook `BeforeClearDocument' on input line 572.
 [14]
Package atveryend Info: Empty hook `AfterLastShipout' on input line 572.
 (./JOS_ARMÊä•Âëä.aux)
Package atveryend Info: Executing hook `AtVeryEndDocument' on input line 572.
Package atveryend Info: Executing hook `AtEndAfterFileList' on input line 572.
Package rerunfilecheck Info: File `JOS_ARMÊä•Âëä.out' has not changed.
(rerunfilecheck)             Checksum: 746F33191925D76AE4150B4C838EC300;780.
Package atveryend Info: Empty hook `AtVeryVeryEnd' on input line 572.
 ) 
Here is how much of TeX's memory you used:
 12393 strings out of 493014
 171908 string characters out of 6133351
 384498 words of memory out of 5000000
 15318 multiletter control sequences out of 15000+600000
 44530 words of font info for 134 fonts, out of 8000000 for 9000
 1141 hyphenation exceptions out of 8191
 36i,12n,43p,2546b,2988s stack positions out of 5000i,500n,10000p,200000b,80000s
{/usr/local/texlive/2016/texmf-dist/fonts/enc/dvips/base/8r.enc}</usr/local/t
exlive/2016/texmf-dist/fonts/type1/public/amsfonts/cm/cmmi10.pfb></usr/local/te
xlive/2016/texmf-dist/fonts/type1/public/amsfonts/cm/cmr8.pfb></usr/local/texli
ve/2016/texmf-dist/fonts/type1/public/amsfonts/cm/cmsy10.pfb></usr/local/texliv
e/2016/texmf-dist/fonts/type1/arphic/gkaiu/gkaiu30.pfb></usr/local/texlive/2016
/texmf-dist/fonts/type1/arphic/gkaiu/gkaiu4e.pfb></usr/local/texlive/2016/texmf
-dist/fonts/type1/arphic/gkaiu/gkaiu4f.pfb></usr/local/texlive/2016/texmf-dist/
fonts/type1/arphic/gkaiu/gkaiu50.pfb></usr/local/texlive/2016/texmf-dist/fonts/
type1/arphic/gkaiu/gkaiu51.pfb></usr/local/texlive/2016/texmf-dist/fonts/type1/
arphic/gkaiu/gkaiu52.pfb></usr/local/texlive/2016/texmf-dist/fonts/type1/arphic
/gkaiu/gkaiu53.pfb></usr/local/texlive/2016/texmf-dist/fonts/type1/arphic/gkaiu
/gkaiu54.pfb></usr/local/texlive/2016/texmf-dist/fonts/type1/arphic/gkaiu/gkaiu
56.pfb></usr/local/texlive/2016/texmf-dist/fonts/type1/arphic/gkaiu/gkaiu57.pfb
></usr/local/texlive/2016/texmf-dist/fonts/type1/arphic/gkaiu/gkaiu58.pfb></usr
/local/texlive/2016/texmf-dist/fonts/type1/arphic/gkaiu/gkaiu59.pfb></usr/local
/texlive/2016/texmf-dist/fonts/type1/arphic/gkaiu/gkaiu5a.pfb></usr/local/texli
ve/2016/texmf-dist/fonts/type1/arphic/gkaiu/gkaiu5b.pfb></usr/local/texlive/201
6/texmf-dist/fonts/type1/arphic/gkaiu/gkaiu5c.pfb></usr/local/texlive/2016/texm
f-dist/fonts/type1/arphic/gkaiu/gkaiu5d.pfb></usr/local/texlive/2016/texmf-dist
/fonts/type1/arphic/gkaiu/gkaiu5e.pfb></usr/local/texlive/2016/texmf-dist/fonts
/type1/arphic/gkaiu/gkaiu5f.pfb></usr/local/texlive/2016/texmf-dist/fonts/type1
/arphic/gkaiu/gkaiu60.pfb></usr/local/texlive/2016/texmf-dist/fonts/type1/arphi
c/gkaiu/gkaiu61.pfb></usr/local/texlive/2016/texmf-dist/fonts/type1/arphic/gkai
u/gkaiu62.pfb></usr/local/texlive/2016/texmf-dist/fonts/type1/arphic/gkaiu/gkai
u63.pfb></usr/local/texlive/2016/texmf-dist/fonts/type1/arphic/gkaiu/gkaiu64.pf
b></usr/local/texlive/2016/texmf-dist/fonts/type1/arphic/gkaiu/gkaiu65.pfb></us
r/local/texlive/2016/texmf-dist/fonts/type1/arphic/gkaiu/gkaiu66.pfb></usr/loca
l/texlive/2016/texmf-dist/fonts/type1/arphic/gkaiu/gkaiu67.pfb></usr/local/texl
ive/2016/texmf-dist/fonts/type1/arphic/gkaiu/gkaiu68.pfb></usr/local/texlive/20
16/texmf-dist/fonts/type1/arphic/gkaiu/gkaiu69.pfb></usr/local/texlive/2016/tex
mf-dist/fonts/type1/arphic/gkaiu/gkaiu6a.pfb></usr/local/texlive/2016/texmf-dis
t/fonts/type1/arphic/gkaiu/gkaiu6b.pfb></usr/local/texlive/2016/texmf-dist/font
s/type1/arphic/gkaiu/gkaiu6c.pfb></usr/local/texlive/2016/texmf-dist/fonts/type
1/arphic/gkaiu/gkaiu6d.pfb></usr/local/texlive/2016/texmf-dist/fonts/type1/arph
ic/gkaiu/gkaiu6e.pfb></usr/local/texlive/2016/texmf-dist/fonts/type1/arphic/gka
iu/gkaiu70.pfb></usr/local/texlive/2016/texmf-dist/fonts/type1/arphic/gkaiu/gka
iu71.pfb></usr/local/texlive/2016/texmf-dist/fonts/type1/arphic/gkaiu/gkaiu72.p
fb></usr/local/texlive/2016/texmf-dist/fonts/type1/arphic/gkaiu/gkaiu73.pfb></u
sr/local/texlive/2016/texmf-dist/fonts/type1/arphic/gkaiu/gkaiu74.pfb></usr/loc
al/texlive/2016/texmf-dist/fonts/type1/arphic/gkaiu/gkaiu75.pfb></usr/local/tex
live/2016/texmf-dist/fonts/type1/arphic/gkaiu/gkaiu76.pfb></usr/local/texlive/2
016/texmf-dist/fonts/type1/arphic/gkaiu/gkaiu77.pfb></usr/local/texlive/2016/te
xmf-dist/fonts/type1/arphic/gkaiu/gkaiu78.pfb></usr/local/texlive/2016/texmf-di
st/fonts/type1/arphic/gkaiu/gkaiu79.pfb></usr/local/texlive/2016/texmf-dist/fon
ts/type1/arphic/gkaiu/gkaiu7a.pfb></usr/local/texlive/2016/texmf-dist/fonts/typ
e1/arphic/gkaiu/gkaiu7b.pfb></usr/local/texlive/2016/texmf-dist/fonts/type1/arp
hic/gkaiu/gkaiu7c.pfb></usr/local/texlive/2016/texmf-dist/fonts/type1/arphic/gk
aiu/gkaiu7d.pfb></usr/local/texlive/2016/texmf-dist/fonts/type1/arphic/gkaiu/gk
aiu7e.pfb></usr/local/texlive/2016/texmf-dist/fonts/type1/arphic/gkaiu/gkaiu7f.
pfb></usr/local/texlive/2016/texmf-dist/fonts/type1/arphic/gkaiu/gkaiu80.pfb></
usr/local/texlive/2016/texmf-dist/fonts/type1/arphic/gkaiu/gkaiu81.pfb></usr/lo
cal/texlive/2016/texmf-dist/fonts/type1/arphic/gkaiu/gkaiu82.pfb></usr/local/te
xlive/2016/texmf-dist/fonts/type1/arphic/gkaiu/gkaiu83.pfb></usr/local/texlive/
2016/texmf-dist/fonts/type1/arphic/gkaiu/gkaiu86.pfb></usr/local/texlive/2016/t
exmf-dist/fonts/type1/arphic/gkaiu/gkaiu88.pfb></usr/local/texlive/2016/texmf-d
ist/fonts/type1/arphic/gkaiu/gkaiu89.pfb></usr/local/texlive/2016/texmf-dist/fo
nts/type1/arphic/gkaiu/gkaiu8a.pfb></usr/local/texlive/2016/texmf-dist/fonts/ty
pe1/arphic/gkaiu/gkaiu8b.pfb></usr/local/texlive/2016/texmf-dist/fonts/type1/ar
phic/gkaiu/gkaiu8c.pfb></usr/local/texlive/2016/texmf-dist/fonts/type1/arphic/g
kaiu/gkaiu8d.pfb></usr/local/texlive/2016/texmf-dist/fonts/type1/arphic/gkaiu/g
kaiu8f.pfb></usr/local/texlive/2016/texmf-dist/fonts/type1/arphic/gkaiu/gkaiu90
.pfb></usr/local/texlive/2016/texmf-dist/fonts/type1/arphic/gkaiu/gkaiu91.pfb><
/usr/local/texlive/2016/texmf-dist/fonts/type1/arphic/gkaiu/gkaiu94.pfb></usr/l
ocal/texlive/2016/texmf-dist/fonts/type1/arphic/gkaiu/gkaiu95.pfb></usr/local/t
exlive/2016/texmf-dist/fonts/type1/arphic/gkaiu/gkaiu96.pfb></usr/local/texlive
/2016/texmf-dist/fonts/type1/arphic/gkaiu/gkaiu97.pfb></usr/local/texlive/2016/
texmf-dist/fonts/type1/arphic/gkaiu/gkaiu98.pfb></usr/local/texlive/2016/texmf-
dist/fonts/type1/arphic/gkaiu/gkaiu99.pfb></usr/local/texlive/2016/texmf-dist/f
onts/type1/arphic/gkaiu/gkaiu9a.pfb></usr/local/texlive/2016/texmf-dist/fonts/t
ype1/arphic/gkaiu/gkaiu9f.pfb></usr/local/texlive/2016/texmf-dist/fonts/type1/a
rphic/gkaiu/gkaiuff.pfb></usr/local/texlive/2016/texmf-dist/fonts/type1/urw/cou
rier/ucrr8a.pfb></usr/local/texlive/2016/texmf-dist/fonts/type1/urw/times/utmb8
a.pfb></usr/local/texlive/2016/texmf-dist/fonts/type1/urw/times/utmr8a.pfb>
Output written on JOS_ARMÊä•Âëä.pdf (14 pages, 586816 bytes).
PDF statistics:
 791 PDF objects out of 1000 (max. 8388607)
 616 compressed objects within 7 object streams
 241 named destinations out of 1000 (max. 500000)
 398 words of extra memory for PDF output out of 10000 (max. 10000000)

